#
# There is insufficient memory for the Java Runtime Environment to continue.
# Native memory allocation (mmap) failed to map 27262976 bytes for Failed to commit area from 0x0000000088e00000 to 0x000000008a800000 of length 27262976.
# Possible reasons:
#   The system is out of physical RAM or swap space
#   The process is running with CompressedOops enabled, and the Java Heap may be blocking the growth of the native heap
# Possible solutions:
#   Reduce memory load on the system
#   Increase physical memory or swap space
#   Check if swap backing store is full
#   Decrease Java heap size (-Xmx/-Xms)
#   Decrease number of Java threads
#   Decrease Java thread stack sizes (-Xss)
#   Set larger code cache with -XX:ReservedCodeCacheSize=
#   JVM is running with Unscaled Compressed Oops mode in which the Java heap is
#     placed in the first 4GB address space. The Java Heap base address is the
#     maximum limit for the native heap growth. Please use -XX:HeapBaseMinAddress
#     to set the Java Heap base and to place the Java Heap above 4GB virtual address.
# This output file may be truncated or incomplete.
#
#  Out of Memory Error (t:/workspace/open/src/hotspot/os/windows/os_windows.cpp:3221), pid=7504, tid=16328
#
# JRE version: Java(TM) SE Runtime Environment (10.0.2+13) (build 10.0.2+13)
# Java VM: Java HotSpot(TM) 64-Bit Server VM (10.0.2+13, mixed mode, tiered, compressed oops, g1 gc, windows-amd64)
# No core dump will be written. Minidumps are not enabled by default on client versions of Windows
#

---------------  S U M M A R Y ------------

Command Line: -XX:TieredStopAtLevel=1 -Xverify:none -Dspring.output.ansi.enabled=always -Dcom.sun.management.jmxremote -Dspring.jmx.enabled=true -Dspring.liveBeansView.mbeanDomain -Dspring.application.admin.enabled=true -javaagent:R:\IntelliJ IDEA 2019.1.3\lib\idea_rt.jar=49731:R:\IntelliJ IDEA 2019.1.3\bin -Dfile.encoding=UTF-8 com.simpleapp.SpringBootApp

Host: AMD A8-6600K APU with Radeon(tm) HD Graphics   , 4 cores, 7G,  Windows 10 , 64 bit Build 18362 (10.0.18362.329)
Time: Mon Dec 09 06:44:43 2019 Aaea?onu (ceia) elapsed time: 6 seconds (0d 0h 0m 6s)

---------------  T H R E A D  ---------------

Current thread (0x000002a47df6f000):  VMThread "VM Thread" [stack: 0x000000ef2f300000,0x000000ef2f400000] [id=16328]

Stack: [0x000000ef2f300000,0x000000ef2f400000]
[error occurred during error reporting (printing stack bounds), id 0xe0000002]

Native frames: (J=compiled Java code, j=interpreted, Vv=VM code, C=native code)
V  [jvm.dll+0x5a01a9]
V  [jvm.dll+0x6bcf31]
V  [jvm.dll+0x6be126]
V  [jvm.dll+0x6be715]
V  [jvm.dll+0x6be6cb]
V  [jvm.dll+0x59f993]
V  [jvm.dll+0x59fda8]
C  [ntdll.dll+0xa11ff]
C  [ntdll.dll+0x6a289]
C  [ntdll.dll+0x9fe6e]
C  0x000002a40b2b0ead

VM_Operation (0x000000ef302fa3a0): CollectForMetadataAllocation, mode: safepoint, requested by thread 0x000002a47f3e2800


---------------  P R O C E S S  ---------------

Threads class SMR info:
_java_thread_list=0x000002a41ae8c950, length=17, elements={
0x000002a476e12800, 0x000002a47df74000, 0x000002a47df75000, 0x000002a47e902800,
0x000002a47e903800, 0x000002a47df99000, 0x000002a47dfa3800, 0x000002a47e918000,
0x000002a47dfac000, 0x000002a47ea91800, 0x000002a47ecb2800, 0x000002a47ecb3800,
0x000002a47f04c000, 0x000002a47f3b8000, 0x000002a47f3e2800, 0x000002a47f329000,
0x000002a47f321800
}

Java Threads: ( => current thread )
  0x000002a476e12800 JavaThread "main" [_thread_blocked, id=13336, stack(0x000000ef2e700000,0x000000ef2e800000)]
  0x000002a47df74000 JavaThread "Reference Handler" daemon [_thread_blocked, id=9528, stack(0x000000ef2f400000,0x000000ef2f500000)]
  0x000002a47df75000 JavaThread "Finalizer" daemon [_thread_blocked, id=9408, stack(0x000000ef2f500000,0x000000ef2f600000)]
  0x000002a47e902800 JavaThread "Signal Dispatcher" daemon [_thread_blocked, id=13028, stack(0x000000ef2f600000,0x000000ef2f700000)]
  0x000002a47e903800 JavaThread "Attach Listener" daemon [_thread_blocked, id=16476, stack(0x000000ef2f700000,0x000000ef2f800000)]
  0x000002a47df99000 JavaThread "C1 CompilerThread0" daemon [_thread_blocked, id=4252, stack(0x000000ef2f800000,0x000000ef2f900000)]
  0x000002a47dfa3800 JavaThread "C1 CompilerThread1" daemon [_thread_blocked, id=3656, stack(0x000000ef2f900000,0x000000ef2fa00000)]
  0x000002a47e918000 JavaThread "C1 CompilerThread2" daemon [_thread_blocked, id=1792, stack(0x000000ef2fa00000,0x000000ef2fb00000)]
  0x000002a47dfac000 JavaThread "Sweeper thread" daemon [_thread_blocked, id=16440, stack(0x000000ef2fb00000,0x000000ef2fc00000)]
  0x000002a47ea91800 JavaThread "Common-Cleaner" daemon [_thread_blocked, id=14376, stack(0x000000ef2fc00000,0x000000ef2fd00000)]
  0x000002a47ecb2800 JavaThread "Monitor Ctrl-Break" daemon [_thread_in_native, id=9676, stack(0x000000ef2fd00000,0x000000ef2fe00000)]
  0x000002a47ecb3800 JavaThread "Service Thread" daemon [_thread_blocked, id=7520, stack(0x000000ef2fe00000,0x000000ef2ff00000)]
  0x000002a47f04c000 JavaThread "RMI TCP Accept-0" daemon [_thread_in_native, id=5248, stack(0x000000ef2ff00000,0x000000ef30000000)]
  0x000002a47f3b8000 JavaThread "Thread-0" [_thread_blocked, id=5088, stack(0x000000ef30100000,0x000000ef30200000)]
  0x000002a47f3e2800 JavaThread "restartedMain" [_thread_blocked, id=13176, stack(0x000000ef30200000,0x000000ef30300000)]
  0x000002a47f329000 JavaThread "RMI TCP Connection(1)-192.168.0.100" daemon [_thread_in_native, id=14960, stack(0x000000ef30300000,0x000000ef30400000)]
  0x000002a47f321800 JavaThread "RMI Scheduler(0)" daemon [_thread_blocked, id=16520, stack(0x000000ef30400000,0x000000ef30500000)]

Other Threads:
=>0x000002a47df6f000 VMThread "VM Thread" [stack: 0x000000ef2f300000,0x000000ef2f400000] [id=16328]
  0x000002a47f050000 WatcherThread [stack: 0x000000ef30000000,0x000000ef30100000] [id=18272]
  0x000002a476e2b800 GCTaskThread "GC Thread#0" [stack: 0x000000ef2e800000,0x000000ef2e900000] [id=320]
  0x000002a476e2c800 GCTaskThread "GC Thread#1" [stack: 0x000000ef2e900000,0x000000ef2ea00000] [id=6136]
  0x000002a476e2e800 GCTaskThread "GC Thread#2" [stack: 0x000000ef2ea00000,0x000000ef2eb00000] [id=7500]
  0x000002a476e31000 GCTaskThread "GC Thread#3" [stack: 0x000000ef2eb00000,0x000000ef2ec00000] [id=6572]
  0x000002a476e9b800 ConcurrentGCThread "G1 Main Marker" [stack: 0x000000ef2ec00000,0x000000ef2ed00000] [id=18160]
  0x000002a476e9c800 ConcurrentGCThread "G1 Conc#0" [stack: 0x000000ef2ed00000,0x000000ef2ee00000] [id=4700]
  0x000002a47ddf2800 ConcurrentGCThread "G1 Refine#0" [stack: 0x000000ef2ee00000,0x000000ef2ef00000] [id=15200]
  0x000002a47ddf3800 ConcurrentGCThread "G1 Refine#1" [stack: 0x000000ef2ef00000,0x000000ef2f000000] [id=16144]
  0x000002a47ddf6800 ConcurrentGCThread "G1 Refine#2" [stack: 0x000000ef2f000000,0x000000ef2f100000] [id=14548]
  0x000002a47de02000 ConcurrentGCThread "G1 Refine#3" [stack: 0x000000ef2f100000,0x000000ef2f200000] [id=16916]
  0x000002a47de04800 ConcurrentGCThread "G1 Young RemSet Sampling" [stack: 0x000000ef2f200000,0x000000ef2f300000] [id=14456]

Threads with active compile tasks:

VM state:at safepoint (normal execution)

VM Mutex/Monitor currently owned by a thread:  ([mutex/lock_event])
[0x000002a476e0eca0] Threads_lock - owner thread: 0x000002a47df6f000
[0x000002a476e0f000] Heap_lock - owner thread: 0x000002a47f3e2800

Heap address: 0x0000000080e00000, size: 2034 MB, Compressed Oops mode: 32-bit
Narrow klass base: 0x0000000000000000, Narrow klass shift: 3
Compressed class space size: 1073741824 Address: 0x0000000100000000

Heap:
 garbage-first heap   total 157696K, used 22284K [0x0000000080e00000, 0x0000000100000000)
  region size 1024K, 2 young (2048K), 2 survivors (2048K)
 Metaspace       used 34776K, capacity 35775K, committed 35920K, reserved 1081344K
  class space    used 4203K, capacity 4638K, committed 4688K, reserved 1048576K
Heap Regions: E=young(eden), S=young(survivor), O=old, HS=humongous(starts), HC=humongous(continues), CS=collection set, F=free, A=archive, TS=gc time stamp, AC=allocation context, TAMS=top-at-mark-start (previous, next)
|   0|0x0000000080e00000, 0x0000000080f00000, 0x0000000080f00000|100%|HS|  |TS  0|AC  0|TAMS 0x0000000080f00000, 0x0000000080f00000|
|   1|0x0000000080f00000, 0x0000000081000000, 0x0000000081000000|100%|HS|  |TS  0|AC  0|TAMS 0x0000000081000000, 0x0000000081000000|
|   2|0x0000000081000000, 0x0000000081100000, 0x0000000081100000|100%| O|  |TS  0|AC  0|TAMS 0x0000000081100000, 0x0000000081100000|
|   3|0x0000000081100000, 0x0000000081200000, 0x0000000081200000|100%| O|  |TS  0|AC  0|TAMS 0x0000000081200000, 0x0000000081200000|
|   4|0x0000000081200000, 0x0000000081300000, 0x0000000081300000|100%| O|  |TS  0|AC  0|TAMS 0x0000000081300000, 0x0000000081300000|
|   5|0x0000000081300000, 0x0000000081400000, 0x0000000081400000|100%| O|  |TS  0|AC  0|TAMS 0x0000000081400000, 0x0000000081400000|
|   6|0x0000000081400000, 0x0000000081500000, 0x0000000081500000|100%| O|  |TS  0|AC  0|TAMS 0x0000000081500000, 0x0000000081500000|
|   7|0x0000000081500000, 0x0000000081600000, 0x0000000081600000|100%| O|  |TS  2|AC  0|TAMS 0x000000008153a800, 0x0000000081600000|
|   8|0x0000000081600000, 0x0000000081700000, 0x0000000081700000|100%| O|  |TS  3|AC  0|TAMS 0x0000000081600000, 0x0000000081700000|
|   9|0x0000000081700000, 0x0000000081800000, 0x0000000081800000|100%| O|  |TS  3|AC  0|TAMS 0x0000000081700000, 0x0000000081800000|
|  10|0x0000000081800000, 0x0000000081900000, 0x0000000081900000|100%| O|  |TS  4|AC  0|TAMS 0x0000000081800000, 0x0000000081900000|
|  11|0x0000000081900000, 0x0000000081a00000, 0x0000000081a00000|100%| O|  |TS  4|AC  0|TAMS 0x0000000081900000, 0x0000000081a00000|
|  12|0x0000000081a00000, 0x0000000081b00000, 0x0000000081b00000|100%| O|  |TS  4|AC  0|TAMS 0x0000000081a00000, 0x0000000081b00000|
|  13|0x0000000081b00000, 0x0000000081c00000, 0x0000000081c00000|100%| O|  |TS  4|AC  0|TAMS 0x0000000081b00000, 0x0000000081c00000|
|  14|0x0000000081c00000, 0x0000000081d00000, 0x0000000081d00000|100%| O|  |TS  4|AC  0|TAMS 0x0000000081c00000, 0x0000000081d00000|
|  15|0x0000000081d00000, 0x0000000081e00000, 0x0000000081e00000|100%| O|  |TS  4|AC  0|TAMS 0x0000000081d00000, 0x0000000081e00000|
|  16|0x0000000081e00000, 0x0000000081f00000, 0x0000000081f00000|100%| O|  |TS  4|AC  0|TAMS 0x0000000081e00000, 0x0000000081f00000|
|  17|0x0000000081f00000, 0x0000000082000000, 0x0000000082000000|100%| O|  |TS  4|AC  0|TAMS 0x0000000081f00000, 0x0000000082000000|
|  18|0x0000000082000000, 0x0000000082100000, 0x0000000082100000|100%| O|  |TS  4|AC  0|TAMS 0x0000000082000000, 0x0000000082100000|
|  19|0x0000000082100000, 0x0000000082200000, 0x0000000082200000|100%| O|  |TS  4|AC  0|TAMS 0x0000000082100000, 0x0000000082200000|
|  20|0x0000000082200000, 0x000000008225aa00, 0x0000000082300000| 35%| O|  |TS  4|AC  0|TAMS 0x0000000082200000, 0x000000008225aa00|
|  21|0x0000000082300000, 0x0000000082300000, 0x0000000082400000|  0%| F|  |TS  0|AC  0|TAMS 0x0000000082300000, 0x0000000082300000|
|  22|0x0000000082400000, 0x0000000082400000, 0x0000000082500000|  0%| F|  |TS  0|AC  0|TAMS 0x0000000082400000, 0x0000000082400000|
|  23|0x0000000082500000, 0x0000000082500000, 0x0000000082600000|  0%| F|  |TS  0|AC  0|TAMS 0x0000000082500000, 0x0000000082500000|
|  24|0x0000000082600000, 0x0000000082600000, 0x0000000082700000|  0%| F|  |TS  0|AC  0|TAMS 0x0000000082600000, 0x0000000082600000|
|  25|0x0000000082700000, 0x0000000082700000, 0x0000000082800000|  0%| F|  |TS  0|AC  0|TAMS 0x0000000082700000, 0x0000000082700000|
|  26|0x0000000082800000, 0x0000000082800000, 0x0000000082900000|  0%| F|  |TS  0|AC  0|TAMS 0x0000000082800000, 0x0000000082800000|
|  27|0x0000000082900000, 0x0000000082900000, 0x0000000082a00000|  0%| F|  |TS  0|AC  0|TAMS 0x0000000082900000, 0x0000000082900000|
|  28|0x0000000082a00000, 0x0000000082a00000, 0x0000000082b00000|  0%| F|  |TS  0|AC  0|TAMS 0x0000000082a00000, 0x0000000082a00000|
|  29|0x0000000082b00000, 0x0000000082b00000, 0x0000000082c00000|  0%| F|  |TS  0|AC  0|TAMS 0x0000000082b00000, 0x0000000082b00000|
|  30|0x0000000082c00000, 0x0000000082c00000, 0x0000000082d00000|  0%| F|  |TS  0|AC  0|TAMS 0x0000000082c00000, 0x0000000082c00000|
|  31|0x0000000082d00000, 0x0000000082d00000, 0x0000000082e00000|  0%| F|  |TS  0|AC  0|TAMS 0x0000000082d00000, 0x0000000082d00000|
|  32|0x0000000082e00000, 0x0000000082e00000, 0x0000000082f00000|  0%| F|  |TS  0|AC  0|TAMS 0x0000000082e00000, 0x0000000082e00000|
|  33|0x0000000082f00000, 0x0000000082f00000, 0x0000000083000000|  0%| F|  |TS  0|AC  0|TAMS 0x0000000082f00000, 0x0000000082f00000|
|  34|0x0000000083000000, 0x0000000083000000, 0x0000000083100000|  0%| F|  |TS  0|AC  0|TAMS 0x0000000083000000, 0x0000000083000000|
|  35|0x0000000083100000, 0x0000000083100000, 0x0000000083200000|  0%| F|  |TS  0|AC  0|TAMS 0x0000000083100000, 0x0000000083100000|
|  36|0x0000000083200000, 0x0000000083200000, 0x0000000083300000|  0%| F|  |TS  0|AC  0|TAMS 0x0000000083200000, 0x0000000083200000|
|  37|0x0000000083300000, 0x0000000083300000, 0x0000000083400000|  0%| F|  |TS  0|AC  0|TAMS 0x0000000083300000, 0x0000000083300000|
|  38|0x0000000083400000, 0x0000000083400000, 0x0000000083500000|  0%| F|  |TS  0|AC  0|TAMS 0x0000000083400000, 0x0000000083400000|
|  39|0x0000000083500000, 0x0000000083500000, 0x0000000083600000|  0%| F|  |TS  0|AC  0|TAMS 0x0000000083500000, 0x0000000083500000|
|  40|0x0000000083600000, 0x0000000083600000, 0x0000000083700000|  0%| F|  |TS  0|AC  0|TAMS 0x0000000083600000, 0x0000000083600000|
|  41|0x0000000083700000, 0x0000000083700000, 0x0000000083800000|  0%| F|  |TS  0|AC  0|TAMS 0x0000000083700000, 0x0000000083700000|
|  42|0x0000000083800000, 0x0000000083800000, 0x0000000083900000|  0%| F|  |TS  4|AC  0|TAMS 0x0000000083800000, 0x0000000083800000|
|  43|0x0000000083900000, 0x0000000083900000, 0x0000000083a00000|  0%| F|  |TS  4|AC  0|TAMS 0x0000000083900000, 0x0000000083900000|
|  44|0x0000000083a00000, 0x0000000083a00000, 0x0000000083b00000|  0%| F|  |TS  4|AC  0|TAMS 0x0000000083a00000, 0x0000000083a00000|
|  45|0x0000000083b00000, 0x0000000083b00000, 0x0000000083c00000|  0%| F|  |TS  3|AC  0|TAMS 0x0000000083b00000, 0x0000000083b00000|
|  46|0x0000000083c00000, 0x0000000083c00000, 0x0000000083d00000|  0%| F|  |TS  3|AC  0|TAMS 0x0000000083c00000, 0x0000000083c00000|
|  47|0x0000000083d00000, 0x0000000083d00000, 0x0000000083e00000|  0%| F|  |TS  3|AC  0|TAMS 0x0000000083d00000, 0x0000000083d00000|
|  48|0x0000000083e00000, 0x0000000083e00000, 0x0000000083f00000|  0%| F|  |TS  3|AC  0|TAMS 0x0000000083e00000, 0x0000000083e00000|
|  49|0x0000000083f00000, 0x0000000083f00000, 0x0000000084000000|  0%| F|  |TS  3|AC  0|TAMS 0x0000000083f00000, 0x0000000083f00000|
|  50|0x0000000084000000, 0x0000000084000000, 0x0000000084100000|  0%| F|  |TS  3|AC  0|TAMS 0x0000000084000000, 0x0000000084000000|
|  51|0x0000000084100000, 0x0000000084100000, 0x0000000084200000|  0%| F|  |TS  3|AC  0|TAMS 0x0000000084100000, 0x0000000084100000|
|  52|0x0000000084200000, 0x0000000084200000, 0x0000000084300000|  0%| F|  |TS  4|AC  0|TAMS 0x0000000084200000, 0x0000000084200000|
|  53|0x0000000084300000, 0x0000000084300000, 0x0000000084400000|  0%| F|  |TS  4|AC  0|TAMS 0x0000000084300000, 0x0000000084300000|
|  54|0x0000000084400000, 0x0000000084400000, 0x0000000084500000|  0%| F|  |TS  4|AC  0|TAMS 0x0000000084400000, 0x0000000084400000|
|  55|0x0000000084500000, 0x0000000084500000, 0x0000000084600000|  0%| F|  |TS  4|AC  0|TAMS 0x0000000084500000, 0x0000000084500000|
|  56|0x0000000084600000, 0x0000000084600000, 0x0000000084700000|  0%| F|  |TS  4|AC  0|TAMS 0x0000000084600000, 0x0000000084600000|
|  57|0x0000000084700000, 0x0000000084700000, 0x0000000084800000|  0%| F|  |TS  4|AC  0|TAMS 0x0000000084700000, 0x0000000084700000|
|  58|0x0000000084800000, 0x0000000084800000, 0x0000000084900000|  0%| F|  |TS  4|AC  0|TAMS 0x0000000084800000, 0x0000000084800000|
|  59|0x0000000084900000, 0x0000000084900000, 0x0000000084a00000|  0%| F|  |TS  3|AC  0|TAMS 0x0000000084900000, 0x0000000084900000|
|  60|0x0000000084a00000, 0x0000000084a00000, 0x0000000084b00000|  0%| F|  |TS  3|AC  0|TAMS 0x0000000084a00000, 0x0000000084a00000|
|  61|0x0000000084b00000, 0x0000000084b00000, 0x0000000084c00000|  0%| F|  |TS  3|AC  0|TAMS 0x0000000084b00000, 0x0000000084b00000|
|  62|0x0000000084c00000, 0x0000000084c00000, 0x0000000084d00000|  0%| F|  |TS  3|AC  0|TAMS 0x0000000084c00000, 0x0000000084c00000|
|  63|0x0000000084d00000, 0x0000000084d00000, 0x0000000084e00000|  0%| F|  |TS  3|AC  0|TAMS 0x0000000084d00000, 0x0000000084d00000|
|  64|0x0000000084e00000, 0x0000000084e00000, 0x0000000084f00000|  0%| F|  |TS  3|AC  0|TAMS 0x0000000084e00000, 0x0000000084e00000|
|  65|0x0000000084f00000, 0x0000000084f00000, 0x0000000085000000|  0%| F|  |TS  3|AC  0|TAMS 0x0000000084f00000, 0x0000000084f00000|
|  66|0x0000000085000000, 0x0000000085000000, 0x0000000085100000|  0%| F|  |TS  3|AC  0|TAMS 0x0000000085000000, 0x0000000085000000|
|  67|0x0000000085100000, 0x0000000085100000, 0x0000000085200000|  0%| F|  |TS  3|AC  0|TAMS 0x0000000085100000, 0x0000000085100000|
|  68|0x0000000085200000, 0x0000000085200000, 0x0000000085300000|  0%| F|  |TS  3|AC  0|TAMS 0x0000000085200000, 0x0000000085200000|
|  69|0x0000000085300000, 0x0000000085300000, 0x0000000085400000|  0%| F|  |TS  3|AC  0|TAMS 0x0000000085300000, 0x0000000085300000|
|  70|0x0000000085400000, 0x0000000085400000, 0x0000000085500000|  0%| F|  |TS  3|AC  0|TAMS 0x0000000085400000, 0x0000000085400000|
|  71|0x0000000085500000, 0x0000000085500000, 0x0000000085600000|  0%| F|  |TS  3|AC  0|TAMS 0x0000000085500000, 0x0000000085500000|
|  72|0x0000000085600000, 0x0000000085600000, 0x0000000085700000|  0%| F|  |TS  3|AC  0|TAMS 0x0000000085600000, 0x0000000085600000|
|  73|0x0000000085700000, 0x0000000085700000, 0x0000000085800000|  0%| F|  |TS  3|AC  0|TAMS 0x0000000085700000, 0x0000000085700000|
|  74|0x0000000085800000, 0x0000000085800000, 0x0000000085900000|  0%| F|  |TS  3|AC  0|TAMS 0x0000000085800000, 0x0000000085800000|
|  75|0x0000000085900000, 0x0000000085900000, 0x0000000085a00000|  0%| F|  |TS  3|AC  0|TAMS 0x0000000085900000, 0x0000000085900000|
|  76|0x0000000085a00000, 0x0000000085a00000, 0x0000000085b00000|  0%| F|  |TS  3|AC  0|TAMS 0x0000000085a00000, 0x0000000085a00000|
|  77|0x0000000085b00000, 0x0000000085b00000, 0x0000000085c00000|  0%| F|  |TS  3|AC  0|TAMS 0x0000000085b00000, 0x0000000085b00000|
|  78|0x0000000085c00000, 0x0000000085c00000, 0x0000000085d00000|  0%| F|  |TS  3|AC  0|TAMS 0x0000000085c00000, 0x0000000085c00000|
|  79|0x0000000085d00000, 0x0000000085d00000, 0x0000000085e00000|  0%| F|  |TS  3|AC  0|TAMS 0x0000000085d00000, 0x0000000085d00000|
|  80|0x0000000085e00000, 0x0000000085e00000, 0x0000000085f00000|  0%| F|  |TS  3|AC  0|TAMS 0x0000000085e00000, 0x0000000085e00000|
|  81|0x0000000085f00000, 0x0000000085f00000, 0x0000000086000000|  0%| F|  |TS  3|AC  0|TAMS 0x0000000085f00000, 0x0000000085f00000|
|  82|0x0000000086000000, 0x0000000086000000, 0x0000000086100000|  0%| F|  |TS  3|AC  0|TAMS 0x0000000086000000, 0x0000000086000000|
|  83|0x0000000086100000, 0x0000000086100000, 0x0000000086200000|  0%| F|  |TS  3|AC  0|TAMS 0x0000000086100000, 0x0000000086100000|
|  84|0x0000000086200000, 0x0000000086268810, 0x0000000086300000| 40%| S|CS|TS  4|AC  0|TAMS 0x0000000086200000, 0x0000000086200000|
|  85|0x0000000086300000, 0x0000000086400000, 0x0000000086400000|100%| S|CS|TS  4|AC  0|TAMS 0x0000000086300000, 0x0000000086300000|
|  86|0x0000000086400000, 0x0000000086400000, 0x0000000086500000|  0%| F|  |TS  4|AC  0|TAMS 0x0000000086400000, 0x0000000086400000|
|  87|0x0000000086500000, 0x0000000086500000, 0x0000000086600000|  0%| F|  |TS  4|AC  0|TAMS 0x0000000086500000, 0x0000000086500000|
|  88|0x0000000086600000, 0x0000000086600000, 0x0000000086700000|  0%| F|  |TS  4|AC  0|TAMS 0x0000000086600000, 0x0000000086600000|
|  89|0x0000000086700000, 0x0000000086700000, 0x0000000086800000|  0%| F|  |TS  4|AC  0|TAMS 0x0000000086700000, 0x0000000086700000|
|  90|0x0000000086800000, 0x0000000086800000, 0x0000000086900000|  0%| F|  |TS  4|AC  0|TAMS 0x0000000086800000, 0x0000000086800000|
|  91|0x0000000086900000, 0x0000000086900000, 0x0000000086a00000|  0%| F|  |TS  4|AC  0|TAMS 0x0000000086900000, 0x0000000086900000|
|  92|0x0000000086a00000, 0x0000000086a00000, 0x0000000086b00000|  0%| F|  |TS  4|AC  0|TAMS 0x0000000086a00000, 0x0000000086a00000|
|  93|0x0000000086b00000, 0x0000000086b00000, 0x0000000086c00000|  0%| F|  |TS  4|AC  0|TAMS 0x0000000086b00000, 0x0000000086b00000|
|  94|0x0000000086c00000, 0x0000000086c00000, 0x0000000086d00000|  0%| F|  |TS  4|AC  0|TAMS 0x0000000086c00000, 0x0000000086c00000|
|  95|0x0000000086d00000, 0x0000000086d00000, 0x0000000086e00000|  0%| F|  |TS  4|AC  0|TAMS 0x0000000086d00000, 0x0000000086d00000|
|  96|0x0000000086e00000, 0x0000000086e00000, 0x0000000086f00000|  0%| F|  |TS  4|AC  0|TAMS 0x0000000086e00000, 0x0000000086e00000|
|  97|0x0000000086f00000, 0x0000000086f00000, 0x0000000087000000|  0%| F|  |TS  4|AC  0|TAMS 0x0000000086f00000, 0x0000000086f00000|
|  98|0x0000000087000000, 0x0000000087000000, 0x0000000087100000|  0%| F|  |TS  4|AC  0|TAMS 0x0000000087000000, 0x0000000087000000|
|  99|0x0000000087100000, 0x0000000087100000, 0x0000000087200000|  0%| F|  |TS  4|AC  0|TAMS 0x0000000087100000, 0x0000000087100000|
| 100|0x0000000087200000, 0x0000000087200000, 0x0000000087300000|  0%| F|  |TS  4|AC  0|TAMS 0x0000000087200000, 0x0000000087200000|
| 101|0x0000000087300000, 0x0000000087300000, 0x0000000087400000|  0%| F|  |TS  4|AC  0|TAMS 0x0000000087300000, 0x0000000087300000|
| 102|0x0000000087400000, 0x0000000087400000, 0x0000000087500000|  0%| F|  |TS  4|AC  0|TAMS 0x0000000087400000, 0x0000000087400000|
| 103|0x0000000087500000, 0x0000000087500000, 0x0000000087600000|  0%| F|  |TS  4|AC  0|TAMS 0x0000000087500000, 0x0000000087500000|
| 104|0x0000000087600000, 0x0000000087600000, 0x0000000087700000|  0%| F|  |TS  4|AC  0|TAMS 0x0000000087600000, 0x0000000087600000|
| 105|0x0000000087700000, 0x0000000087700000, 0x0000000087800000|  0%| F|  |TS  4|AC  0|TAMS 0x0000000087700000, 0x0000000087700000|
| 106|0x0000000087800000, 0x0000000087800000, 0x0000000087900000|  0%| F|  |TS  4|AC  0|TAMS 0x0000000087800000, 0x0000000087800000|
| 107|0x0000000087900000, 0x0000000087900000, 0x0000000087a00000|  0%| F|  |TS  4|AC  0|TAMS 0x0000000087900000, 0x0000000087900000|
| 108|0x0000000087a00000, 0x0000000087a00000, 0x0000000087b00000|  0%| F|  |TS  4|AC  0|TAMS 0x0000000087a00000, 0x0000000087a00000|
| 109|0x0000000087b00000, 0x0000000087b00000, 0x0000000087c00000|  0%| F|  |TS  4|AC  0|TAMS 0x0000000087b00000, 0x0000000087b00000|
| 110|0x0000000087c00000, 0x0000000087c00000, 0x0000000087d00000|  0%| F|  |TS  4|AC  0|TAMS 0x0000000087c00000, 0x0000000087c00000|
| 111|0x0000000087d00000, 0x0000000087d00000, 0x0000000087e00000|  0%| F|  |TS  4|AC  0|TAMS 0x0000000087d00000, 0x0000000087d00000|
| 112|0x0000000087e00000, 0x0000000087e00000, 0x0000000087f00000|  0%| F|  |TS  4|AC  0|TAMS 0x0000000087e00000, 0x0000000087e00000|
| 113|0x0000000087f00000, 0x0000000087f00000, 0x0000000088000000|  0%| F|  |TS  4|AC  0|TAMS 0x0000000087f00000, 0x0000000087f00000|
| 114|0x0000000088000000, 0x0000000088000000, 0x0000000088100000|  0%| F|  |TS  4|AC  0|TAMS 0x0000000088000000, 0x0000000088000000|
| 115|0x0000000088100000, 0x0000000088100000, 0x0000000088200000|  0%| F|  |TS  4|AC  0|TAMS 0x0000000088100000, 0x0000000088100000|
| 116|0x0000000088200000, 0x0000000088200000, 0x0000000088300000|  0%| F|  |TS  4|AC  0|TAMS 0x0000000088200000, 0x0000000088200000|
| 117|0x0000000088300000, 0x0000000088300000, 0x0000000088400000|  0%| F|  |TS  4|AC  0|TAMS 0x0000000088300000, 0x0000000088300000|
| 118|0x0000000088400000, 0x0000000088400000, 0x0000000088500000|  0%| F|  |TS  4|AC  0|TAMS 0x0000000088400000, 0x0000000088400000|
| 119|0x0000000088500000, 0x0000000088500000, 0x0000000088600000|  0%| F|  |TS  4|AC  0|TAMS 0x0000000088500000, 0x0000000088500000|
| 120|0x0000000088600000, 0x0000000088600000, 0x0000000088700000|  0%| F|  |TS  4|AC  0|TAMS 0x0000000088600000, 0x0000000088600000|
| 121|0x0000000088700000, 0x0000000088700000, 0x0000000088800000|  0%| F|  |TS  4|AC  0|TAMS 0x0000000088700000, 0x0000000088700000|
| 122|0x0000000088800000, 0x0000000088800000, 0x0000000088900000|  0%| F|  |TS  4|AC  0|TAMS 0x0000000088800000, 0x0000000088800000|
| 123|0x0000000088900000, 0x0000000088900000, 0x0000000088a00000|  0%| F|  |TS  4|AC  0|TAMS 0x0000000088900000, 0x0000000088900000|
| 124|0x0000000088a00000, 0x0000000088a00000, 0x0000000088b00000|  0%| F|  |TS  4|AC  0|TAMS 0x0000000088a00000, 0x0000000088a00000|
| 125|0x0000000088b00000, 0x0000000088b00000, 0x0000000088c00000|  0%| F|  |TS  4|AC  0|TAMS 0x0000000088b00000, 0x0000000088b00000|
| 126|0x0000000088c00000, 0x0000000088c00000, 0x0000000088d00000|  0%| F|  |TS  4|AC  0|TAMS 0x0000000088c00000, 0x0000000088c00000|
| 127|0x0000000088d00000, 0x0000000088d00000, 0x0000000088e00000|  0%| F|  |TS  4|AC  0|TAMS 0x0000000088d00000, 0x0000000088d00000|

Card table byte_map: [0x000002a4772e0000,0x000002a4776e0000] byte_map_base: 0x000002a476ed9000

Marking Bits (Prev, Next): (CMBitMap*) 0x000002a476e9a858, (CMBitMap*) 0x000002a476e9a820
 Prev Bits: [0x000002a479ab0000, 0x000002a47ba78000)
 Next Bits: [0x000002a477ae0000, 0x000002a479aa8000)

Polling page: 0x000002a474bb0000

CodeHeap 'non-profiled nmethods': size=238912Kb used=6603Kb max_used=6603Kb free=232309Kb
 bounds [0x000002a40b960000, 0x000002a40bfe0000, 0x000002a41a2b0000]
CodeHeap 'non-nmethods': size=6848Kb used=2285Kb max_used=2285Kb free=4562Kb
 bounds [0x000002a40b2b0000, 0x000002a40b520000, 0x000002a40b960000]
 total_blobs=4411 nmethods=3884 adapters=421
 compilation: enabled

Compilation events (10 events):
Event: 6.618 Thread 0x000002a47dfa3800 nmethod 3896 0x000002a40bfd0190 code [0x000002a40bfd0360, 0x000002a40bfd0500]
Event: 6.618 Thread 0x000002a47e918000 3897       1       java.util.concurrent.locks.ReentrantReadWriteLock$Sync::tryReleaseShared (146 bytes)
Event: 6.618 Thread 0x000002a47dfa3800 3898       1       java.util.concurrent.locks.ReentrantReadWriteLock::readLock (5 bytes)
Event: 6.618 Thread 0x000002a47dfa3800 nmethod 3898 0x000002a40bfd0610 code [0x000002a40bfd07c0, 0x000002a40bfd08d8]
Event: 6.618 Thread 0x000002a47dfa3800 3899       1       java.util.concurrent.locks.ReentrantReadWriteLock$NonfairSync::readerShouldBlock (5 bytes)
Event: 6.618 Thread 0x000002a47dfa3800 nmethod 3899 0x000002a40bfd0990 code [0x000002a40bfd0b40, 0x000002a40bfd0c70]
Event: 6.618 Thread 0x000002a47dfa3800 3900       1       java.util.concurrent.locks.AbstractQueuedSynchronizer::apparentlyFirstQueuedIsExclusive (38 bytes)
Event: 6.618 Thread 0x000002a47df99000 nmethod 3894 0x000002a40bfd0d10 code [0x000002a40bfd0f60, 0x000002a40bfd1710]
Event: 6.618 Thread 0x000002a47e918000 nmethod 3897 0x000002a40bfd1b90 code [0x000002a40bfd1dc0, 0x000002a40bfd23b0]
Event: 6.618 Thread 0x000002a47dfa3800 nmethod 3900 0x000002a40bfd2810 code [0x000002a40bfd29c0, 0x000002a40bfd2b58]

GC Heap History (10 events):
Event: 3.889 GC heap after
{Heap after GC invocations=5 (full 0):
 garbage-first heap   total 131072K, used 9958K [0x0000000080e00000, 0x0000000100000000)
  region size 1024K, 3 young (3072K), 3 survivors (3072K)
 Metaspace       used 18781K, capacity 19301K, committed 19456K, reserved 1067008K
  class space    used 2062K, capacity 2285K, committed 2304K, reserved 1048576K
}
Event: 4.196 GC heap before
{Heap before GC invocations=5 (full 0):
 garbage-first heap   total 131072K, used 23270K [0x0000000080e00000, 0x0000000100000000)
  region size 1024K, 17 young (17408K), 3 survivors (3072K)
 Metaspace       used 20629K, capacity 21186K, committed 21296K, reserved 1069056K
  class space    used 2395K, capacity 2656K, committed 2688K, reserved 1048576K
}
Event: 4.202 GC heap after
{Heap after GC invocations=6 (full 0):
 garbage-first heap   total 131072K, used 10690K [0x0000000080e00000, 0x0000000100000000)
  region size 1024K, 4 young (4096K), 4 survivors (4096K)
 Metaspace       used 20629K, capacity 21186K, committed 21296K, reserved 1069056K
  class space    used 2395K, capacity 2656K, committed 2688K, reserved 1048576K
}
Event: 5.251 GC heap before
{Heap before GC invocations=7 (full 0):
 garbage-first heap   total 131072K, used 74178K [0x0000000080e00000, 0x0000000100000000)
  region size 1024K, 66 young (67584K), 4 survivors (4096K)
 Metaspace       used 28081K, capacity 28865K, committed 29056K, reserved 1075200K
  class space    used 3313K, capacity 3650K, committed 3712K, reserved 1048576K
}
Event: 5.261 GC heap after
{Heap after GC invocations=8 (full 0):
 garbage-first heap   total 131072K, used 13508K [0x0000000080e00000, 0x0000000100000000)
  region size 1024K, 6 young (6144K), 6 survivors (6144K)
 Metaspace       used 28081K, capacity 28865K, committed 29056K, reserved 1075200K
  class space    used 3313K, capacity 3650K, committed 3712K, reserved 1048576K
}
Event: 5.862 GC heap before
{Heap before GC invocations=8 (full 0):
 garbage-first heap   total 131072K, used 85188K [0x0000000080e00000, 0x0000000100000000)
  region size 1024K, 76 young (77824K), 6 survivors (6144K)
 Metaspace       used 30629K, capacity 31550K, committed 31744K, reserved 1077248K
  class space    used 3662K, capacity 4017K, committed 4096K, reserved 1048576K
}
Event: 5.873 GC heap after
{Heap after GC invocations=9 (full 0):
 garbage-first heap   total 131072K, used 15561K [0x0000000080e00000, 0x0000000100000000)
  region size 1024K, 7 young (7168K), 7 survivors (7168K)
 Metaspace       used 30629K, capacity 31550K, committed 31744K, reserved 1077248K
  class space    used 3662K, capacity 4017K, committed 4096K, reserved 1048576K
}
Event: 6.544 GC heap before
{Heap before GC invocations=9 (full 0):
 garbage-first heap   total 131072K, used 86217K [0x0000000080e00000, 0x0000000100000000)
  region size 1024K, 76 young (77824K), 7 survivors (7168K)
 Metaspace       used 34691K, capacity 35696K, committed 35920K, reserved 1081344K
  class space    used 4195K, capacity 4633K, committed 4688K, reserved 1048576K
}
Event: 6.560 GC heap after
{Heap after GC invocations=10 (full 0):
 garbage-first heap   total 131072K, used 20864K [0x0000000080e00000, 0x0000000100000000)
  region size 1024K, 10 young (10240K), 10 survivors (10240K)
 Metaspace       used 34691K, capacity 35696K, committed 35920K, reserved 1081344K
  class space    used 4195K, capacity 4633K, committed 4688K, reserved 1048576K
}
Event: 6.621 GC heap before
{Heap before GC invocations=10 (full 0):
 garbage-first heap   total 131072K, used 62848K [0x0000000080e00000, 0x0000000100000000)
  region size 1024K, 52 young (53248K), 10 survivors (10240K)
 Metaspace       used 34776K, capacity 35775K, committed 35920K, reserved 1081344K
  class space    used 4203K, capacity 4638K, committed 4688K, reserved 1048576K
}

Deoptimization events (0 events):
No events

Classes redefined (0 events):
No events

Internal exceptions (10 events):
Event: 6.026 Thread 0x000002a47f3e2800 Exception <a 'java/lang/ClassNotFoundException'{0x00000000883f3dc8}: org/springframework/context/annotation/ImportAwareCustomizer> (0x00000000883f3dc8) thrown at [t:/workspace/open/src/hotspot/share/classfile/systemDictionary.cpp, line 233]
Event: 6.027 Thread 0x000002a47f3e2800 Exception <a 'java/lang/ClassNotFoundException'{0x0000000088201208}: org/springframework/beans/factory/AwareCustomizer> (0x0000000088201208) thrown at [t:/workspace/open/src/hotspot/share/classfile/systemDictionary.cpp, line 233]
Event: 6.121 Thread 0x000002a47f3e2800 Exception <a 'java/lang/NoSuchMethodError'{0x0000000087d28718}: java.lang.invoke.DirectMethodHandle$Holder.invokeInterface(Ljava/lang/Object;Ljava/lang/Object;Ljava/lang/Object;)V> (0x0000000087d28718) thrown at [t:/workspace/open/src/hotspot/share/interp
Event: 6.142 Thread 0x000002a47f3e2800 Exception <a 'java/lang/NoSuchMethodError'{0x0000000087defb58}: java.lang.invoke.DirectMethodHandle$Holder.invokeSpecial(Ljava/lang/Object;Ljava/lang/Object;Ljava/lang/Object;Ljava/lang/Object;Ljava/lang/Object;Ljava/lang/Object;I)Ljava/lang/Object;> (0x0
Event: 6.143 Thread 0x000002a47f3e2800 Exception <a 'java/lang/NoSuchMethodError'{0x0000000087df9bc8}: java.lang.invoke.DirectMethodHandle$Holder.invokeSpecial(Ljava/lang/Object;Ljava/lang/Object;Ljava/lang/Object;Ljava/lang/Object;Ljava/lang/Object;Ljava/lang/Object;Ljava/lang/Object;I)Ljava/
Event: 6.175 Thread 0x000002a47f3e2800 Exception <a 'java/lang/NoSuchMethodError'{0x0000000087a0daa0}: java.lang.invoke.DirectMethodHandle$Holder.invokeInterface(Ljava/lang/Object;Ljava/lang/Object;I)V> (0x0000000087a0daa0) thrown at [t:/workspace/open/src/hotspot/share/interpreter/linkResolve
Event: 6.179 Thread 0x000002a47f3e2800 Exception <a 'java/lang/NoSuchMethodError'{0x0000000087a53d20}: java.lang.invoke.DirectMethodHandle$Holder.invokeStatic(Ljava/lang/Object;ILjava/lang/Object;)V> (0x0000000087a53d20) thrown at [t:/workspace/open/src/hotspot/share/interpreter/linkResolver.c
Event: 6.182 Thread 0x000002a47f3e2800 Exception <a 'java/lang/NoSuchMethodError'{0x0000000087a77598}: java.lang.invoke.DirectMethodHandle$Holder.invokeVirtual(Ljava/lang/Object;Ljava/lang/Object;)I> (0x0000000087a77598) thrown at [t:/workspace/open/src/hotspot/share/interpreter/linkResolver.c
Event: 6.183 Thread 0x000002a47f3e2800 Exception <a 'java/lang/NoSuchMethodError'{0x0000000087a80c50}: java.lang.Object.lambda$and$0(Ljava/util/function/Predicate;Ljava/lang/Object;)Z> (0x0000000087a80c50) thrown at [t:/workspace/open/src/hotspot/share/interpreter/linkResolver.cpp, line 741]
Event: 6.491 Thread 0x000002a47f329000 Exception <a 'java/lang/reflect/InvocationTargetException'{0x0000000088516720}> (0x0000000088516720) thrown at [t:/workspace/open/src/hotspot/share/runtime/reflection.cpp, line 1222]

Events (10 events):
Event: 6.616 loading class java/util/concurrent/ExecutionException done
Event: 6.616 loading class java/util/concurrent/TimeoutException
Event: 6.616 loading class java/util/concurrent/TimeoutException done
Event: 6.618 loading class org/apache/tomcat/util/buf/StringCache
Event: 6.618 loading class org/apache/tomcat/util/buf/StringCache done
Event: 6.620 loading class org/apache/tomcat/util/buf/ByteChunk
Event: 6.620 loading class org/apache/tomcat/util/buf/ByteChunk done
Event: 6.621 loading class org/apache/tomcat/util/buf/AbstractChunk
Event: 6.621 loading class org/apache/tomcat/util/buf/AbstractChunk done
Event: 6.621 Executing VM operation: CollectForMetadataAllocation


Dynamic libraries:
0x00007ff64b5e0000 - 0x00007ff64b61e000 	C:\Program Files\Java\jdk-10.0.2\bin\java.exe
0x00007ffbcffe0000 - 0x00007ffbd01d0000 	C:\WINDOWS\SYSTEM32\ntdll.dll
0x00007ffbcf710000 - 0x00007ffbcf7c2000 	C:\WINDOWS\System32\KERNEL32.DLL
0x00007ffbcdad0000 - 0x00007ffbcdd73000 	C:\WINDOWS\System32\KERNELBASE.dll
0x00007ffbce480000 - 0x00007ffbce523000 	C:\WINDOWS\System32\ADVAPI32.dll
0x00007ffbce9d0000 - 0x00007ffbcea6e000 	C:\WINDOWS\System32\msvcrt.dll
0x00007ffbcf200000 - 0x00007ffbcf297000 	C:\WINDOWS\System32\sechost.dll
0x00007ffbcf2a0000 - 0x00007ffbcf3c0000 	C:\WINDOWS\System32\RPCRT4.dll
0x00007ffbce6e0000 - 0x00007ffbce874000 	C:\WINDOWS\System32\USER32.dll
0x00007ffbcd170000 - 0x00007ffbcd191000 	C:\WINDOWS\System32\win32u.dll
0x00007ffbce450000 - 0x00007ffbce476000 	C:\WINDOWS\System32\GDI32.dll
0x00007ffbccfd0000 - 0x00007ffbcd164000 	C:\WINDOWS\System32\gdi32full.dll
0x00007ffbcdff0000 - 0x00007ffbce08e000 	C:\WINDOWS\System32\msvcp_win.dll
0x00007ffbcdd80000 - 0x00007ffbcde7a000 	C:\WINDOWS\System32\ucrtbase.dll
0x00007ffbc7000000 - 0x00007ffbc700a000 	C:\WINDOWS\SYSTEM32\VERSION.dll
0x00007ffbc15a0000 - 0x00007ffbc1825000 	C:\WINDOWS\WinSxS\amd64_microsoft.windows.common-controls_6595b64144ccf1df_6.0.18362.476_none_e6c4b11b130f2595\COMCTL32.dll
0x00007ffbce100000 - 0x00007ffbce436000 	C:\WINDOWS\System32\combase.dll
0x00007ffbcd1a0000 - 0x00007ffbcd220000 	C:\WINDOWS\System32\bcryptPrimitives.dll
0x00007ffbcea70000 - 0x00007ffbcea9e000 	C:\WINDOWS\System32\IMM32.DLL
0x00007ffba6700000 - 0x00007ffba67ef000 	C:\Program Files\Java\jdk-10.0.2\bin\msvcr120.dll
0x00007ffba6f60000 - 0x00007ffba7006000 	C:\Program Files\Java\jdk-10.0.2\bin\msvcp120.dll
0x0000000062460000 - 0x0000000062ed0000 	C:\Program Files\Java\jdk-10.0.2\bin\server\jvm.dll
0x00007ffbce590000 - 0x00007ffbce598000 	C:\WINDOWS\System32\PSAPI.DLL
0x00007ffbc9640000 - 0x00007ffbc9649000 	C:\WINDOWS\SYSTEM32\WSOCK32.dll
0x00007ffbce090000 - 0x00007ffbce0ff000 	C:\WINDOWS\System32\WS2_32.dll
0x00007ffbc34c0000 - 0x00007ffbc34e4000 	C:\WINDOWS\SYSTEM32\WINMM.dll
0x00007ffbc3380000 - 0x00007ffbc33ad000 	C:\WINDOWS\SYSTEM32\winmmbase.dll
0x00007ffbcda80000 - 0x00007ffbcdaca000 	C:\WINDOWS\System32\cfgmgr32.dll
0x00007ffbc77e0000 - 0x00007ffbc77ef000 	C:\Program Files\Java\jdk-10.0.2\bin\verify.dll
0x00007ffbbc570000 - 0x00007ffbbc764000 	C:\WINDOWS\SYSTEM32\DBGHELP.DLL
0x00007ffbb6260000 - 0x00007ffbb628a000 	C:\WINDOWS\SYSTEM32\dbgcore.DLL
0x00007ffbb2320000 - 0x00007ffbb2347000 	C:\Program Files\Java\jdk-10.0.2\bin\java.dll
0x00007ffbb3890000 - 0x00007ffbb38ba000 	C:\Program Files\Java\jdk-10.0.2\bin\instrument.dll
0x00007ffbbc1f0000 - 0x00007ffbbc206000 	C:\Program Files\Java\jdk-10.0.2\bin\zip.dll
0x00007ffbc73c0000 - 0x00007ffbc73ca000 	C:\Program Files\Java\jdk-10.0.2\bin\jimage.dll
0x00007ffbcf8b0000 - 0x00007ffbcff95000 	C:\WINDOWS\System32\SHELL32.dll
0x00007ffbcf660000 - 0x00007ffbcf709000 	C:\WINDOWS\System32\shcore.dll
0x00007ffbcd300000 - 0x00007ffbcda7e000 	C:\WINDOWS\System32\windows.storage.dll
0x00007ffbccf30000 - 0x00007ffbccf4f000 	C:\WINDOWS\System32\profapi.dll
0x00007ffbccec0000 - 0x00007ffbccf0a000 	C:\WINDOWS\System32\powrprof.dll
0x00007ffbcceb0000 - 0x00007ffbccec0000 	C:\WINDOWS\System32\UMPDC.dll
0x00007ffbce530000 - 0x00007ffbce582000 	C:\WINDOWS\System32\shlwapi.dll
0x00007ffbccf50000 - 0x00007ffbccf61000 	C:\WINDOWS\System32\kernel.appcore.dll
0x00007ffbcdfd0000 - 0x00007ffbcdfe7000 	C:\WINDOWS\System32\cryptsp.dll
0x00007ffbb2e50000 - 0x00007ffbb2e6a000 	C:\Program Files\Java\jdk-10.0.2\bin\net.dll
0x00007ffbc7cf0000 - 0x00007ffbc7de0000 	C:\WINDOWS\SYSTEM32\WINHTTP.dll
0x00007ffbcc6c0000 - 0x00007ffbcc727000 	C:\WINDOWS\system32\mswsock.dll
0x00007ffbb28f0000 - 0x00007ffbb2901000 	C:\Program Files\Java\jdk-10.0.2\bin\nio.dll
0x00007ffbbd980000 - 0x00007ffbbd99a000 	R:\IntelliJ IDEA 2019.1.3\bin\breakgen64.dll
0x00007ffbcc410000 - 0x00007ffbcc4da000 	C:\WINDOWS\SYSTEM32\DNSAPI.dll
0x00007ffbce440000 - 0x00007ffbce448000 	C:\WINDOWS\System32\NSI.dll
0x00007ffbcc3d0000 - 0x00007ffbcc40a000 	C:\WINDOWS\SYSTEM32\IPHLPAPI.DLL
0x00007ffbc4f40000 - 0x00007ffbc4f4a000 	C:\Windows\System32\rasadhlp.dll
0x00007ffbc62f0000 - 0x00007ffbc6367000 	C:\WINDOWS\System32\fwpuclnt.dll
0x00007ffbcd220000 - 0x00007ffbcd246000 	C:\WINDOWS\System32\bcrypt.dll
0x00007ffbc72f0000 - 0x00007ffbc72f9000 	C:\Program Files\Java\jdk-10.0.2\bin\management.dll
0x00007ffbc71e0000 - 0x00007ffbc71ea000 	C:\Program Files\Java\jdk-10.0.2\bin\management_ext.dll
0x00007ffbcc230000 - 0x00007ffbcc263000 	C:\WINDOWS\system32\rsaenh.dll
0x00007ffbccdd0000 - 0x00007ffbccdf5000 	C:\WINDOWS\SYSTEM32\USERENV.dll
0x00007ffbcccf0000 - 0x00007ffbcccfc000 	C:\WINDOWS\SYSTEM32\CRYPTBASE.dll
0x00007ffbc6fa0000 - 0x00007ffbc6fb6000 	C:\WINDOWS\SYSTEM32\dhcpcsvc6.DLL
0x00007ffbc6d20000 - 0x00007ffbc6d3c000 	C:\WINDOWS\SYSTEM32\dhcpcsvc.DLL
0x00007ffbb3320000 - 0x00007ffbb3336000 	C:\WINDOWS\system32\napinsp.dll
0x00007ffbb3300000 - 0x00007ffbb331a000 	C:\WINDOWS\system32\pnrpnsp.dll
0x00007ffbb59e0000 - 0x00007ffbb59ee000 	C:\WINDOWS\System32\winrnr.dll
0x00007ffbc99f0000 - 0x00007ffbc9a0c000 	C:\WINDOWS\system32\NLAapi.dll
0x00007ffbb32e0000 - 0x00007ffbb32f5000 	C:\WINDOWS\system32\wshbth.dll

dbghelp: loaded successfully - version: 4.0.5 - missing functions: none
symbol engine: initialized successfully - sym options: 0x614 - pdb path: .;C:\Program Files\Java\jdk-10.0.2\bin;C:\WINDOWS\SYSTEM32;C:\WINDOWS\WinSxS\amd64_microsoft.windows.common-controls_6595b64144ccf1df_6.0.18362.476_none_e6c4b11b130f2595;C:\Program Files\Java\jdk-10.0.2\bin\server;R:\IntelliJ IDEA 2019.1.3\bin

VM Arguments:
jvm_args: -XX:TieredStopAtLevel=1 -Xverify:none -Dspring.output.ansi.enabled=always -Dcom.sun.management.jmxremote -Dspring.jmx.enabled=true -Dspring.liveBeansView.mbeanDomain -Dspring.application.admin.enabled=true -javaagent:R:\IntelliJ IDEA 2019.1.3\lib\idea_rt.jar=49731:R:\IntelliJ IDEA 2019.1.3\bin -Dfile.encoding=UTF-8 
java_command: com.simpleapp.SpringBootApp
java_class_path (initial): C:\Users\roge5\Dropbox\Godl\Test-Task_1.1\target\classes;C:\Users\roge5\.m2\repository\org\hibernate\hibernate-entitymanager\5.4.10.Final\hibernate-entitymanager-5.4.10.Final.jar;C:\Users\roge5\.m2\repository\org\jboss\logging\jboss-logging\3.3.2.Final\jboss-logging-3.3.2.Final.jar;C:\Users\roge5\.m2\repository\org\hibernate\hibernate-core\5.4.10.Final\hibernate-core-5.4.10.Final.jar;C:\Users\roge5\.m2\repository\org\javassist\javassist\3.24.0-GA\javassist-3.24.0-GA.jar;C:\Users\roge5\.m2\repository\antlr\antlr\2.7.7\antlr-2.7.7.jar;C:\Users\roge5\.m2\repository\org\jboss\jandex\2.1.1.Final\jandex-2.1.1.Final.jar;C:\Users\roge5\.m2\repository\com\fasterxml\classmate\1.5.1\classmate-1.5.1.jar;C:\Users\roge5\.m2\repository\javax\activation\javax.activation-api\1.2.0\javax.activation-api-1.2.0.jar;C:\Users\roge5\.m2\repository\javax\xml\bind\jaxb-api\2.3.1\jaxb-api-2.3.1.jar;C:\Users\roge5\.m2\repository\org\glassfish\jaxb\jaxb-runtime\2.3.1\jaxb-runtime-2.3.1.jar;C:\Users\roge5\.m2\repository\org\glassfish\jaxb\txw2\2.3.1\txw2-2.3.1.jar;C:\Users\roge5\.m2\repository\com\sun\istack\istack-commons-runtime\3.0.7\istack-commons-runtime-3.0.7.jar;C:\Users\roge5\.m2\repository\org\jvnet\staxex\stax-ex\1.8\stax-ex-1.8.jar;C:\Users\roge5\.m2\repository\com\sun\xml\fastinfoset\FastInfoset\1.2.15\FastInfoset-1.2.15.jar;C:\Users\roge5\.m2\repository\org\dom4j\dom4j\2.1.1\dom4j-2.1.1.jar;C:\Users\roge5\.m2\repository\org\hibernate\common\hibernate-commons-annotations\5.1.0.Final\hibernate-commons-annotations-5.1.0.Final.jar;C:\Users\roge5\.m2\repository\javax\persistence\javax.persistence-api\2.2\javax.persistence-api-2.2.jar;C:\Users\roge5\.m2\repository\net\bytebuddy\byte-buddy\1.10.2\byte-buddy-1.10.2.jar;C:\Users\roge5\.m2\repository\org\jboss\spec\javax\transaction\jboss-transaction-api_1.2_spec\1.1.1.Final\jboss-transaction-api_1.2_spec-1.1.1.Final.jar;C:\Users\roge5\.m2\repository\org\springframework\boot\spring-boot-starter-web\2.1.6.RELEASE\s
Launcher Type: SUN_STANDARD

Logging:
Log output configuration:
#0: stdout all=warning uptime,level,tags
#1: stderr all=off uptime,level,tags

Environment Variables:
JAVA_HOME=C:\Program Files\Java\jdk-10.0.2
PATH=C:\PROGRA~2\Borland\CBUILD~1\Bin;C:\PROGRA~2\Borland\CBUILD~1\Projects\Bpl;C:\Program Files (x86)\Common Files\Oracle\Java\javapath;C:\Windows\system32;C:\Windows;C:\Windows\System32\Wbem;C:\Windows\System32\WindowsPowerShell\v1.0\;C:\Windows\System32\OpenSSH\;C:\Program Files (x86)\NVIDIA Corporation\PhysX\Common;C:\Program Files\dotnet\;C:\Program Files\Microsoft SQL Server\130\Tools\Binn\;C:\Strawberry\c\bin;C:\Strawberry\perl\site\bin;C:\Strawberry\perl\bin;C:\TDM-GCC-64\bin;C:\Compiler\bin;C:\Program Files\Git\cmd;C:\Program Files\Apache\Maven\bin;;C:\WINDOWS\system32;C:\WINDOWS;C:\WINDOWS\System32\Wbem;C:\WINDOWS\System32\WindowsPowerShell\v1.0\;C:\WINDOWS\System32\OpenSSH\;C:\Program Files\NVIDIA Corporation\NVIDIA NvDLISR;C:\Program Files\MySQL\MySQL Shell 8.0\bin\;C:\Users\roge5\AppData\Local\GitHubDesktop\bin;C:\Users\roge5\AppData\Local\Microsoft\WindowsApps;C:\Program Files\heroku\bin
USERNAME=roge5
OS=Windows_NT
PROCESSOR_IDENTIFIER=AMD64 Family 21 Model 19 Stepping 1, AuthenticAMD



---------------  S Y S T E M  ---------------

OS: Windows 10 , 64 bit Build 18362 (10.0.18362.329)

CPU:total 4 (initial active 4) (4 cores per cpu, 1 threads per core) family 21 model 19 stepping 1, cmov, cx8, fxsr, mmx, sse, sse2, sse3, ssse3, sse4.1, sse4.2, popcnt, avx, aes, clmul, mmxext, 3dnowpref, lzcnt, sse4a, tsc, tscinvbit, tscinv, bmi1, fma

Memory: 4k page, physical 8328620k(3689492k free), swap 12522924k(13008k free)

vm_info: Java HotSpot(TM) 64-Bit Server VM (10.0.2+13) for windows-amd64 JRE (10.0.2+13), built on Jun 28 2018 01:57:56 by "mach5one" with MS VC++ 12.0 (VS2013)

END.
